<?xml version="1.0" encoding="UTF-8"?>
<!-- Generated by org.testng.reporters.JUnitXMLReporter -->
<testsuite ignored="0" hostname="Phantom" failures="0" tests="4" name="TestNG" time="13.783" errors="0" timestamp="2023-02-04T08:23:40 CST">
  <testcase classname="testLayer.LoginTest" name="title" time="0.013"/>
  <testcase classname="testLayer.LoginTest" name="Login" time="0.349"/>
  <testcase classname="testLayer.LoginTest" name="Login" time="0.277"/>
  <testcase classname="testLayer.LoginTest" name="Login" time="0.329"/>
</testsuite> <!-- TestNG -->
